[13-May-2024 08:28:24 UTC] PHP Warning:  Attempt to read property "title" on null in /Users/bozzettomirko/Local Sites/fetch-and-cowp/app/public/wp-includes/class-wp-customize-widgets.php on line 905
[13-May-2024 10:09:45 UTC] PHP Parse error:  syntax error, unexpected token "<", expecting end of file in /Users/bozzettomirko/Local Sites/fetch-and-cowp/app/public/wp-content/themes/fetch-and-co-fij/header.php on line 27
[13-May-2024 10:30:38 UTC] PHP Warning:  Attempt to read property "title" on null in /Users/bozzettomirko/Local Sites/fetch-and-cowp/app/public/wp-includes/class-wp-customize-widgets.php on line 905
[17-May-2024 10:15:20 UTC] PHP Warning:  Attempt to read property "title" on null in /Users/bozzettomirko/Local Sites/fetch-and-cowp/app/public/wp-includes/class-wp-customize-widgets.php on line 905
[17-May-2024 10:26:02 UTC] PHP Warning:  Undefined variable $primaryNav in /Users/bozzettomirko/Local Sites/fetch-and-cowp/app/public/wp-content/themes/fetch-and-co-fij/loop.php on line 19
[27-May-2024 07:51:13 UTC] PHP Fatal error:  Uncaught Error: Call to undefined function get_header() in /Users/bozzettomirko/Local Sites/fetch-and-cowp/app/public/wp-content/themes/fetch-and-co-fij/index.php:2
Stack trace:
#0 {main}
  thrown in /Users/bozzettomirko/Local Sites/fetch-and-cowp/app/public/wp-content/themes/fetch-and-co-fij/index.php on line 2
[31-May-2024 09:16:12 UTC] PHP Fatal error:  Uncaught Error: Call to undefined function get_header() in /Users/bozzettomirko/Local Sites/fetch-and-cowp/app/public/wp-content/themes/fetch-and-co-fij/data.php:2
Stack trace:
#0 {main}
  thrown in /Users/bozzettomirko/Local Sites/fetch-and-cowp/app/public/wp-content/themes/fetch-and-co-fij/data.php on line 2
[31-May-2024 09:16:14 UTC] PHP Fatal error:  Uncaught Error: Call to undefined function get_header() in /Users/bozzettomirko/Local Sites/fetch-and-cowp/app/public/wp-content/themes/fetch-and-co-fij/data.php:2
Stack trace:
#0 {main}
  thrown in /Users/bozzettomirko/Local Sites/fetch-and-cowp/app/public/wp-content/themes/fetch-and-co-fij/data.php on line 2
[31-May-2024 09:16:18 UTC] PHP Fatal error:  Uncaught Error: Call to undefined function get_header() in /Users/bozzettomirko/Local Sites/fetch-and-cowp/app/public/wp-content/themes/fetch-and-co-fij/data.php:2
Stack trace:
#0 {main}
  thrown in /Users/bozzettomirko/Local Sites/fetch-and-cowp/app/public/wp-content/themes/fetch-and-co-fij/data.php on line 2
[31-May-2024 09:16:19 UTC] PHP Fatal error:  Uncaught Error: Call to undefined function get_header() in /Users/bozzettomirko/Local Sites/fetch-and-cowp/app/public/wp-content/themes/fetch-and-co-fij/data.php:2
Stack trace:
#0 {main}
  thrown in /Users/bozzettomirko/Local Sites/fetch-and-cowp/app/public/wp-content/themes/fetch-and-co-fij/data.php on line 2
[31-May-2024 09:16:38 UTC] PHP Fatal error:  Uncaught Error: Call to undefined function get_header() in /Users/bozzettomirko/Local Sites/fetch-and-cowp/app/public/wp-content/themes/fetch-and-co-fij/data.php:2
Stack trace:
#0 {main}
  thrown in /Users/bozzettomirko/Local Sites/fetch-and-cowp/app/public/wp-content/themes/fetch-and-co-fij/data.php on line 2
[31-May-2024 09:16:45 UTC] PHP Fatal error:  Uncaught Error: Call to undefined function get_header() in /Users/bozzettomirko/Local Sites/fetch-and-cowp/app/public/wp-content/themes/fetch-and-co-fij/data.php:2
Stack trace:
#0 {main}
  thrown in /Users/bozzettomirko/Local Sites/fetch-and-cowp/app/public/wp-content/themes/fetch-and-co-fij/data.php on line 2
[31-May-2024 09:17:52 UTC] PHP Warning:  require_once(/Users/bozzettomirko/Local Sites/fetch-and-cowp/app/public/wp-content/themes/fetch-and-co-fij/wp-load.php): Failed to open stream: No such file or directory in /Users/bozzettomirko/Local Sites/fetch-and-cowp/app/public/wp-content/themes/fetch-and-co-fij/data.php on line 2
[31-May-2024 09:17:52 UTC] PHP Fatal error:  Uncaught Error: Failed opening required '/Users/bozzettomirko/Local Sites/fetch-and-cowp/app/public/wp-content/themes/fetch-and-co-fij/wp-load.php' (include_path='.:/usr/share/php:/www/wp-content/pear') in /Users/bozzettomirko/Local Sites/fetch-and-cowp/app/public/wp-content/themes/fetch-and-co-fij/data.php:2
Stack trace:
#0 {main}
  thrown in /Users/bozzettomirko/Local Sites/fetch-and-cowp/app/public/wp-content/themes/fetch-and-co-fij/data.php on line 2
[31-May-2024 09:18:22 UTC] PHP Warning:  require_once(/Users/bozzettomirko/Local Sites/fetch-and-cowp/app/public/wp-content/themes/fetch-and-co-fij/wp-load.php): Failed to open stream: No such file or directory in /Users/bozzettomirko/Local Sites/fetch-and-cowp/app/public/wp-content/themes/fetch-and-co-fij/data.php on line 2
[31-May-2024 09:18:22 UTC] PHP Fatal error:  Uncaught Error: Failed opening required '/Users/bozzettomirko/Local Sites/fetch-and-cowp/app/public/wp-content/themes/fetch-and-co-fij/wp-load.php' (include_path='.:/usr/share/php:/www/wp-content/pear') in /Users/bozzettomirko/Local Sites/fetch-and-cowp/app/public/wp-content/themes/fetch-and-co-fij/data.php:2
Stack trace:
#0 {main}
  thrown in /Users/bozzettomirko/Local Sites/fetch-and-cowp/app/public/wp-content/themes/fetch-and-co-fij/data.php on line 2
[31-May-2024 09:19:25 UTC] PHP Fatal error:  Uncaught Error: Call to undefined function get_header() in /Users/bozzettomirko/Local Sites/fetch-and-cowp/app/public/wp-content/themes/fetch-and-co-fij/data.php:3
Stack trace:
#0 {main}
  thrown in /Users/bozzettomirko/Local Sites/fetch-and-cowp/app/public/wp-content/themes/fetch-and-co-fij/data.php on line 3
[31-May-2024 09:27:26 UTC] PHP Fatal error:  Uncaught Error: Call to undefined function get_header() in /Users/bozzettomirko/Local Sites/fetch-and-cowp/app/public/wp-content/themes/fetch-and-co-fij/data.php:3
Stack trace:
#0 {main}
  thrown in /Users/bozzettomirko/Local Sites/fetch-and-cowp/app/public/wp-content/themes/fetch-and-co-fij/data.php on line 3
[31-May-2024 09:27:27 UTC] PHP Fatal error:  Uncaught Error: Call to undefined function get_header() in /Users/bozzettomirko/Local Sites/fetch-and-cowp/app/public/wp-content/themes/fetch-and-co-fij/data.php:3
Stack trace:
#0 {main}
  thrown in /Users/bozzettomirko/Local Sites/fetch-and-cowp/app/public/wp-content/themes/fetch-and-co-fij/data.php on line 3
[31-May-2024 09:31:27 UTC] PHP Fatal error:  Uncaught Error: Call to undefined function get_header() in /Users/bozzettomirko/Local Sites/fetch-and-cowp/app/public/wp-content/themes/fetch-and-co-fij/data.php:3
Stack trace:
#0 {main}
  thrown in /Users/bozzettomirko/Local Sites/fetch-and-cowp/app/public/wp-content/themes/fetch-and-co-fij/data.php on line 3
