[06-May-2024 23:31:07] NOTICE: fpm is running, pid 21116
[06-May-2024 23:31:07] NOTICE: ready to handle connections
[06-May-2024 23:34:36] NOTICE: Terminating ...
[06-May-2024 23:34:36] NOTICE: Terminating ...
[06-May-2024 23:34:36] NOTICE: exiting, bye-bye!
[13-May-2024 09:27:00] NOTICE: fpm is running, pid 1269
[13-May-2024 09:27:00] NOTICE: ready to handle connections
[13-May-2024 13:41:13] NOTICE: Terminating ...
[13-May-2024 13:41:13] NOTICE: Terminating ...
[13-May-2024 13:41:13] NOTICE: exiting, bye-bye!
[17-May-2024 11:36:15] NOTICE: fpm is running, pid 6438
[17-May-2024 11:36:15] NOTICE: ready to handle connections
[17-May-2024 12:45:41] NOTICE: Terminating ...
[17-May-2024 12:45:41] NOTICE: Terminating ...
[17-May-2024 12:45:41] NOTICE: exiting, bye-bye!
[24-May-2024 11:14:55] NOTICE: fpm is running, pid 11666
[24-May-2024 11:14:55] NOTICE: ready to handle connections
[24-May-2024 12:45:24] NOTICE: Terminating ...
[24-May-2024 12:45:24] NOTICE: Terminating ...
[24-May-2024 12:45:24] NOTICE: exiting, bye-bye!
[27-May-2024 09:16:12] NOTICE: fpm is running, pid 2589
[27-May-2024 09:16:12] NOTICE: ready to handle connections
[27-May-2024 10:03:47] NOTICE: Terminating ...
[27-May-2024 10:03:47] NOTICE: Terminating ...
[27-May-2024 10:03:47] NOTICE: exiting, bye-bye!
[27-May-2024 10:12:00] NOTICE: fpm is running, pid 5294
[27-May-2024 10:12:00] NOTICE: ready to handle connections
[27-May-2024 12:43:41] NOTICE: Terminating ...
[27-May-2024 12:43:41] NOTICE: Terminating ...
[27-May-2024 12:43:41] NOTICE: exiting, bye-bye!
[31-May-2024 11:08:39] NOTICE: fpm is running, pid 3632
[31-May-2024 11:08:39] NOTICE: ready to handle connections
[31-May-2024 12:36:24] NOTICE: Terminating ...
[31-May-2024 12:36:24] NOTICE: Terminating ...
[31-May-2024 12:36:24] NOTICE: exiting, bye-bye!
[03-Jun-2024 09:22:50] NOTICE: fpm is running, pid 2601
[03-Jun-2024 09:22:50] NOTICE: ready to handle connections
[03-Jun-2024 12:37:45] NOTICE: Terminating ...
[03-Jun-2024 12:37:45] NOTICE: Terminating ...
[03-Jun-2024 12:37:45] NOTICE: exiting, bye-bye!
[07-Jun-2024 11:15:50] NOTICE: fpm is running, pid 4150
[07-Jun-2024 11:15:50] NOTICE: ready to handle connections
[07-Jun-2024 11:32:25] NOTICE: Terminating ...
[07-Jun-2024 11:32:25] NOTICE: Terminating ...
[07-Jun-2024 11:32:25] NOTICE: exiting, bye-bye!
[07-Jun-2024 11:33:01] NOTICE: fpm is running, pid 5398
[07-Jun-2024 11:33:01] NOTICE: ready to handle connections
[07-Jun-2024 11:44:16] NOTICE: Terminating ...
[07-Jun-2024 11:44:16] NOTICE: Terminating ...
[07-Jun-2024 11:44:16] NOTICE: exiting, bye-bye!
[10-Jun-2024 09:20:48] NOTICE: fpm is running, pid 3537
[10-Jun-2024 09:20:48] NOTICE: ready to handle connections
[10-Jun-2024 12:40:23] NOTICE: Terminating ...
[10-Jun-2024 12:40:23] NOTICE: Terminating ...
[10-Jun-2024 12:40:23] NOTICE: exiting, bye-bye!
[14-Jun-2024 11:10:23] NOTICE: fpm is running, pid 4299
[14-Jun-2024 11:10:23] NOTICE: ready to handle connections
